2025-10-11 22:47:38 INFO  DriverFactory:40 - browser name : chrome
2025-10-11 22:52:34 INFO  DriverFactory:40 - browser name : chrome
2025-10-11 22:52:39 INFO  ElementUtil:185 - element is  found using : By.linkText: Forgotten Password
2025-10-11 22:52:40 INFO  ElementUtil:185 - element is  found using : By.tagName: h2
2025-10-11 22:52:46 INFO  LoginPage:43 - login page title :Account Login
2025-10-11 22:52:51 INFO  LoginPage:43 - login page title :Account Login
2025-10-11 22:52:57 INFO  LoginPage:43 - login page title :Account Login
2025-10-11 22:53:02 INFO  LoginPage:43 - login page title :Account Login
2025-10-11 22:53:02 INFO  LoginPage:55 - login page url : https://naveenautomationlabs.com/opencart/index.php?route=account/login
2025-10-11 22:53:02 INFO  LoginPage:76 - application credentials: march2024@open.com : Selenium@12345
2025-10-11 22:53:02 INFO  ElementUtil:339 - waiting for element using By locator: By.id: input-emailwithin time out: 10
2025-10-11 22:53:03 INFO  ElementUtil:50 - entering the value :Selenium@12345 into locator: By.id: input-password
2025-10-11 22:53:03 INFO  ElementUtil:185 - element is  found using : By.id: input-password
2025-10-11 22:53:04 INFO  ElementUtil:69 - clicking  on element using :By.xpath: //input[@value='Login']
2025-10-11 22:53:04 INFO  ElementUtil:185 - element is  found using : By.xpath: //input[@value='Login']
2025-10-11 22:53:06 INFO  ElementUtil:339 - waiting for element using By locator: By.linkText: Logoutwithin time out: 10
2025-10-11 23:26:08 INFO  DriverFactory:42 - browser name : chrome
2025-10-11 23:26:12 INFO  ElementUtil:185 - element is  found using : By.linkText: Forgotten Password
2025-10-11 23:26:13 INFO  ElementUtil:185 - element is  found using : By.tagName: h2
2025-10-11 23:26:18 INFO  LoginPage:43 - login page title :Account Login
2025-10-11 23:26:23 INFO  LoginPage:43 - login page title :Account Login
2025-10-11 23:26:29 INFO  LoginPage:43 - login page title :Account Login
2025-10-11 23:26:34 INFO  LoginPage:43 - login page title :Account Login
2025-10-11 23:26:34 INFO  LoginPage:55 - login page url : https://naveenautomationlabs.com/opencart/index.php?route=account/login
2025-10-11 23:26:34 INFO  LoginPage:76 - application credentials: march2024@open.com : Selenium@12345
2025-10-11 23:26:34 INFO  ElementUtil:339 - waiting for element using By locator: By.id: input-emailwithin time out: 10
2025-10-11 23:26:34 INFO  ElementUtil:50 - entering the value :Selenium@12345 into locator: By.id: input-password
2025-10-11 23:26:34 INFO  ElementUtil:185 - element is  found using : By.id: input-password
2025-10-11 23:26:35 INFO  ElementUtil:69 - clicking  on element using :By.xpath: //input[@value='Login']
2025-10-11 23:26:35 INFO  ElementUtil:185 - element is  found using : By.xpath: //input[@value='Login']
2025-10-11 23:26:36 INFO  ElementUtil:339 - waiting for element using By locator: By.linkText: Logoutwithin time out: 10
2025-10-11 23:29:12 INFO  DriverFactory:42 - browser name : chrome
2025-10-11 23:29:16 INFO  ElementUtil:185 - element is  found using : By.linkText: Forgotten Password
2025-10-11 23:29:16 INFO  ElementUtil:185 - element is  found using : By.tagName: h2
2025-10-11 23:29:22 INFO  LoginPage:43 - login page title :Account Login
2025-10-11 23:29:27 INFO  LoginPage:43 - login page title :Account Login
2025-10-11 23:29:32 INFO  LoginPage:43 - login page title :Account Login
2025-10-11 23:29:37 INFO  LoginPage:43 - login page title :Account Login
2025-10-11 23:29:38 INFO  LoginPage:55 - login page url : https://naveenautomationlabs.com/opencart/index.php?route=account/login
2025-10-11 23:29:38 INFO  LoginPage:76 - application credentials: march2024@open.com : Selenium@12345
2025-10-11 23:29:38 INFO  ElementUtil:339 - waiting for element using By locator: By.id: input-emailwithin time out: 10
2025-10-11 23:29:38 INFO  ElementUtil:50 - entering the value :Selenium@12345 into locator: By.id: input-password
2025-10-11 23:29:38 INFO  ElementUtil:185 - element is  found using : By.id: input-password
2025-10-11 23:29:39 INFO  ElementUtil:69 - clicking  on element using :By.xpath: //input[@value='Login']
2025-10-11 23:29:39 INFO  ElementUtil:185 - element is  found using : By.xpath: //input[@value='Login']
2025-10-11 23:29:40 INFO  ElementUtil:339 - waiting for element using By locator: By.linkText: Logoutwithin time out: 10
2025-10-11 23:30:01 INFO  DriverFactory:42 - browser name : chrome
2025-10-11 23:30:05 INFO  ElementUtil:185 - element is  found using : By.linkText: Forgotten Password
2025-10-11 23:30:05 INFO  ElementUtil:185 - element is  found using : By.tagName: h2
2025-10-11 23:30:11 INFO  LoginPage:43 - login page title :Account Login
2025-10-11 23:30:16 INFO  LoginPage:43 - login page title :Account Login
2025-10-11 23:30:21 INFO  LoginPage:43 - login page title :Account Login
2025-10-11 23:30:26 INFO  LoginPage:43 - login page title :Account Login
2025-10-11 23:30:26 INFO  LoginPage:55 - login page url : https://naveenautomationlabs.com/opencart/index.php?route=account/login
2025-10-11 23:30:26 INFO  LoginPage:76 - application credentials: march2024@open.com : Selenium@12345
2025-10-11 23:30:26 INFO  ElementUtil:339 - waiting for element using By locator: By.id: input-emailwithin time out: 10
2025-10-11 23:30:27 INFO  ElementUtil:50 - entering the value :Selenium@12345 into locator: By.id: input-password
2025-10-11 23:30:27 INFO  ElementUtil:185 - element is  found using : By.id: input-password
2025-10-11 23:30:27 INFO  ElementUtil:69 - clicking  on element using :By.xpath: //input[@value='Login']
2025-10-11 23:30:27 INFO  ElementUtil:185 - element is  found using : By.xpath: //input[@value='Login']
2025-10-11 23:30:29 INFO  ElementUtil:339 - waiting for element using By locator: By.linkText: Logoutwithin time out: 10
2025-10-11 23:38:58 INFO  DriverFactory:42 - browser name : chrome
2025-10-11 23:39:03 INFO  ElementUtil:185 - element is  found using : By.linkText: Forgotten Password
2025-10-11 23:39:04 INFO  ElementUtil:185 - element is  found using : By.tagName: h2
2025-10-11 23:39:09 INFO  LoginPage:43 - login page title :Account Login
2025-10-11 23:39:15 INFO  LoginPage:43 - login page title :Account Login
2025-10-11 23:39:20 INFO  LoginPage:43 - login page title :Account Login
2025-10-11 23:39:25 INFO  LoginPage:43 - login page title :Account Login
2025-10-11 23:39:25 INFO  LoginPage:55 - login page url : https://naveenautomationlabs.com/opencart/index.php?route=account/login
2025-10-11 23:39:25 INFO  LoginPage:76 - application credentials: march2024@open.com : Selenium@12345
2025-10-11 23:39:25 INFO  ElementUtil:339 - waiting for element using By locator: By.id: input-emailwithin time out: 10
2025-10-11 23:39:26 INFO  ElementUtil:50 - entering the value :Selenium@12345 into locator: By.id: input-password
2025-10-11 23:39:26 INFO  ElementUtil:185 - element is  found using : By.id: input-password
2025-10-11 23:39:26 INFO  ElementUtil:69 - clicking  on element using :By.xpath: //input[@value='Login']
2025-10-11 23:39:26 INFO  ElementUtil:185 - element is  found using : By.xpath: //input[@value='Login']
2025-10-11 23:39:28 INFO  ElementUtil:339 - waiting for element using By locator: By.linkText: Logoutwithin time out: 10
2025-10-11 23:39:43 INFO  DriverFactory:42 - browser name : chrome
2025-10-11 23:39:46 INFO  ElementUtil:185 - element is  found using : By.linkText: Forgotten Password
2025-10-11 23:39:47 INFO  ElementUtil:185 - element is  found using : By.tagName: h2
2025-10-11 23:39:52 INFO  LoginPage:43 - login page title :Account Login
2025-10-11 23:39:58 INFO  LoginPage:43 - login page title :Account Login
2025-10-11 23:40:03 INFO  LoginPage:43 - login page title :Account Login
2025-10-11 23:40:08 INFO  LoginPage:43 - login page title :Account Login
2025-10-11 23:40:08 INFO  LoginPage:55 - login page url : https://naveenautomationlabs.com/opencart/index.php?route=account/login
2025-10-11 23:40:08 INFO  LoginPage:76 - application credentials: march2024@open.com : Selenium@12345
2025-10-11 23:40:08 INFO  ElementUtil:339 - waiting for element using By locator: By.id: input-emailwithin time out: 10
2025-10-11 23:40:08 INFO  ElementUtil:50 - entering the value :Selenium@12345 into locator: By.id: input-password
2025-10-11 23:40:08 INFO  ElementUtil:185 - element is  found using : By.id: input-password
2025-10-11 23:40:09 INFO  ElementUtil:69 - clicking  on element using :By.xpath: //input[@value='Login']
2025-10-11 23:40:09 INFO  ElementUtil:185 - element is  found using : By.xpath: //input[@value='Login']
2025-10-11 23:40:11 INFO  ElementUtil:339 - waiting for element using By locator: By.linkText: Logoutwithin time out: 10
2025-10-12 19:31:21 INFO  DriverFactory:42 - browser name : chrome
2025-10-12 19:31:30 INFO  ElementUtil:185 - element is  found using : By.linkText: Forgotten Password
2025-10-12 19:31:31 INFO  ElementUtil:185 - element is  found using : By.tagName: h2
2025-10-12 19:31:37 INFO  LoginPage:43 - login page title :Account Login
2025-10-12 19:31:42 INFO  LoginPage:43 - login page title :Account Login
2025-10-12 19:31:47 INFO  LoginPage:43 - login page title :Account Login
2025-10-12 19:31:53 INFO  LoginPage:43 - login page title :Account Login
2025-10-12 19:31:53 INFO  LoginPage:55 - login page url : https://naveenautomationlabs.com/opencart/index.php?route=account/login
2025-10-12 19:31:53 INFO  LoginPage:76 - application credentials: march2024@open.com : Selenium@12345
2025-10-12 19:31:53 INFO  ElementUtil:339 - waiting for element using By locator: By.id: input-emailwithin time out: 10
2025-10-12 19:31:54 INFO  ElementUtil:50 - entering the value :Selenium@12345 into locator: By.id: input-password
2025-10-12 19:31:54 INFO  ElementUtil:185 - element is  found using : By.id: input-password
2025-10-12 19:31:54 INFO  ElementUtil:69 - clicking  on element using :By.xpath: //input[@value='Login']
2025-10-12 19:31:54 INFO  ElementUtil:185 - element is  found using : By.xpath: //input[@value='Login']
2025-10-12 19:31:56 INFO  ElementUtil:339 - waiting for element using By locator: By.linkText: Logoutwithin time out: 10
2025-10-13 10:20:04 INFO  DriverFactory:42 - browser name : chrome
2025-10-13 10:20:11 INFO  ElementUtil:185 - element is  found using : By.linkText: Forgotten Password
2025-10-13 10:20:12 INFO  ElementUtil:185 - element is  found using : By.tagName: h2
2025-10-13 10:20:18 INFO  LoginPage:43 - login page title :Account Login
2025-10-13 10:20:24 INFO  LoginPage:43 - login page title :Account Login
2025-10-13 10:20:29 INFO  LoginPage:43 - login page title :Account Login
2025-10-13 10:20:34 INFO  LoginPage:43 - login page title :Account Login
2025-10-13 10:20:34 INFO  LoginPage:55 - login page url : https://naveenautomationlabs.com/opencart/index.php?route=account/login
2025-10-13 10:20:34 INFO  LoginPage:76 - application credentials: march2024@open.com : Selenium@12345
2025-10-13 10:20:34 INFO  ElementUtil:339 - waiting for element using By locator: By.id: input-emailwithin time out: 10
2025-10-13 10:20:35 INFO  ElementUtil:50 - entering the value :Selenium@12345 into locator: By.id: input-password
2025-10-13 10:20:35 INFO  ElementUtil:185 - element is  found using : By.id: input-password
2025-10-13 10:20:36 INFO  ElementUtil:69 - clicking  on element using :By.xpath: //input[@value='Login']
2025-10-13 10:20:36 INFO  ElementUtil:185 - element is  found using : By.xpath: //input[@value='Login']
2025-10-13 10:20:38 INFO  ElementUtil:339 - waiting for element using By locator: By.linkText: Logoutwithin time out: 10
2025-10-13 10:23:47 INFO  DriverFactory:42 - browser name : chrome
2025-10-13 10:23:52 INFO  ElementUtil:185 - element is  found using : By.linkText: Forgotten Password
2025-10-13 10:23:53 INFO  ElementUtil:185 - element is  found using : By.tagName: h2
2025-10-13 10:23:54 INFO  LoginPage:43 - login page title :Account Login
2025-10-13 10:23:54 INFO  LoginPage:55 - login page url : https://naveenautomationlabs.com/opencart/index.php?route=account/login
2025-10-13 10:23:54 INFO  LoginPage:76 - application credentials: march2024@open.com : Selenium@12345
2025-10-13 10:23:54 INFO  ElementUtil:339 - waiting for element using By locator: By.id: input-emailwithin time out: 10
2025-10-13 10:23:55 INFO  ElementUtil:50 - entering the value :Selenium@12345 into locator: By.id: input-password
2025-10-13 10:23:55 INFO  ElementUtil:185 - element is  found using : By.id: input-password
2025-10-13 10:23:55 INFO  ElementUtil:69 - clicking  on element using :By.xpath: //input[@value='Login']
2025-10-13 10:23:55 INFO  ElementUtil:185 - element is  found using : By.xpath: //input[@value='Login']
2025-10-13 10:23:57 INFO  ElementUtil:339 - waiting for element using By locator: By.linkText: Logoutwithin time out: 10
2025-10-13 10:55:27 INFO  DriverFactory:42 - browser name : chrome
2025-10-13 10:55:32 INFO  ElementUtil:185 - element is  found using : By.linkText: Forgotten Password
2025-10-13 10:55:33 INFO  ElementUtil:185 - element is  found using : By.tagName: h2
2025-10-13 10:55:34 INFO  LoginPage:43 - login page title :Account Login
2025-10-13 10:55:34 INFO  LoginPage:55 - login page url : https://naveenautomationlabs.com/opencart/index.php?route=account/login
2025-10-13 10:55:34 INFO  LoginPage:76 - application credentials: march2024@open.com : Selenium@12345
2025-10-13 10:55:34 INFO  ElementUtil:339 - waiting for element using By locator: By.id: input-emailwithin time out: 10
2025-10-13 10:55:35 INFO  ElementUtil:50 - entering the value :Selenium@12345 into locator: By.id: input-password
2025-10-13 10:55:35 INFO  ElementUtil:185 - element is  found using : By.id: input-password
2025-10-13 10:55:35 INFO  ElementUtil:69 - clicking  on element using :By.xpath: //input[@value='Login']
2025-10-13 10:55:35 INFO  ElementUtil:185 - element is  found using : By.xpath: //input[@value='Login']
2025-10-13 10:55:37 INFO  ElementUtil:339 - waiting for element using By locator: By.linkText: Logoutwithin time out: 10
2025-10-13 16:14:24 INFO  DriverFactory:42 - browser name : chrome
2025-10-13 16:14:31 INFO  LoginPage:90 - Invalid application credentials: testselelettttt@gmail.com : test@123
2025-10-13 16:14:31 INFO  ElementUtil:340 - waiting for element using By locator: By.id: input-emailwithin time out: 10
2025-10-13 16:14:32 INFO  ElementUtil:50 - entering the value :test@123 into locator: By.id: input-password
2025-10-13 16:14:32 INFO  ElementUtil:186 - element is  found using : By.id: input-password
2025-10-13 16:14:33 INFO  ElementUtil:70 - clicking  on element using :By.xpath: //input[@value='Login']
2025-10-13 16:14:33 INFO  ElementUtil:186 - element is  found using : By.xpath: //input[@value='Login']
2025-10-13 16:14:34 INFO  ElementUtil:186 - element is  found using : By.cssSelector: div.alert.alert-danger.alert-dismissible
2025-10-13 16:14:35 INFO  LoginPage:97 - invalid creds error messg: Warning: No match for E-Mail Address and/or Password.
2025-10-13 16:14:35 INFO  LoginPage:90 - Invalid application credentials: march2024@open.com : test@123
2025-10-13 16:14:35 INFO  ElementUtil:340 - waiting for element using By locator: By.id: input-emailwithin time out: 10
2025-10-13 16:14:36 INFO  ElementUtil:50 - entering the value :test@123 into locator: By.id: input-password
2025-10-13 16:14:36 INFO  ElementUtil:186 - element is  found using : By.id: input-password
2025-10-13 16:14:36 INFO  ElementUtil:70 - clicking  on element using :By.xpath: //input[@value='Login']
2025-10-13 16:14:36 INFO  ElementUtil:186 - element is  found using : By.xpath: //input[@value='Login']
2025-10-13 16:14:38 INFO  ElementUtil:186 - element is  found using : By.cssSelector: div.alert.alert-danger.alert-dismissible
2025-10-13 16:14:38 INFO  LoginPage:97 - invalid creds error messg: Warning: No match for E-Mail Address and/or Password.
2025-10-13 16:14:38 INFO  LoginPage:90 - Invalid application credentials: march2024@@open.com : test@@123
2025-10-13 16:14:38 INFO  ElementUtil:340 - waiting for element using By locator: By.id: input-emailwithin time out: 10
2025-10-13 16:14:39 INFO  ElementUtil:50 - entering the value :test@@123 into locator: By.id: input-password
2025-10-13 16:14:39 INFO  ElementUtil:186 - element is  found using : By.id: input-password
2025-10-13 16:14:40 INFO  ElementUtil:70 - clicking  on element using :By.xpath: //input[@value='Login']
2025-10-13 16:14:40 INFO  ElementUtil:186 - element is  found using : By.xpath: //input[@value='Login']
2025-10-13 16:14:41 INFO  ElementUtil:186 - element is  found using : By.cssSelector: div.alert.alert-danger.alert-dismissible
2025-10-13 16:14:42 INFO  LoginPage:97 - invalid creds error messg: Warning: No match for E-Mail Address and/or Password.
2025-10-13 16:14:42 INFO  LoginPage:90 - Invalid application credentials:  : test@123
2025-10-13 16:14:42 INFO  ElementUtil:340 - waiting for element using By locator: By.id: input-emailwithin time out: 10
2025-10-13 16:14:42 INFO  ElementUtil:50 - entering the value :test@123 into locator: By.id: input-password
2025-10-13 16:14:42 INFO  ElementUtil:186 - element is  found using : By.id: input-password
2025-10-13 16:14:43 INFO  ElementUtil:70 - clicking  on element using :By.xpath: //input[@value='Login']
2025-10-13 16:14:43 INFO  ElementUtil:186 - element is  found using : By.xpath: //input[@value='Login']
2025-10-13 16:14:45 INFO  ElementUtil:186 - element is  found using : By.cssSelector: div.alert.alert-danger.alert-dismissible
2025-10-13 16:14:45 INFO  LoginPage:97 - invalid creds error messg: Warning: No match for E-Mail Address and/or Password.
2025-10-13 16:14:45 INFO  LoginPage:90 - Invalid application credentials:  : 
2025-10-13 16:14:45 INFO  ElementUtil:340 - waiting for element using By locator: By.id: input-emailwithin time out: 10
2025-10-13 16:14:46 INFO  ElementUtil:50 - entering the value : into locator: By.id: input-password
2025-10-13 16:14:46 INFO  ElementUtil:186 - element is  found using : By.id: input-password
2025-10-13 16:14:47 INFO  ElementUtil:70 - clicking  on element using :By.xpath: //input[@value='Login']
2025-10-13 16:14:47 INFO  ElementUtil:186 - element is  found using : By.xpath: //input[@value='Login']
2025-10-13 16:14:48 INFO  ElementUtil:186 - element is  found using : By.cssSelector: div.alert.alert-danger.alert-dismissible
2025-10-13 16:14:49 INFO  LoginPage:97 - invalid creds error messg: Warning: Your account has exceeded allowed number of login attempts. Please try again in 1 hour.
2025-10-13 16:16:01 INFO  DriverFactory:42 - browser name : chrome
2025-10-13 16:16:07 INFO  LoginPage:90 - Invalid application credentials: testselelettttt@gmail.com : test@123
2025-10-13 16:16:07 INFO  ElementUtil:340 - waiting for element using By locator: By.id: input-emailwithin time out: 10
2025-10-13 16:16:08 INFO  ElementUtil:50 - entering the value :test@123 into locator: By.id: input-password
2025-10-13 16:16:08 INFO  ElementUtil:186 - element is  found using : By.id: input-password
2025-10-13 16:16:08 INFO  ElementUtil:70 - clicking  on element using :By.xpath: //input[@value='Login']
2025-10-13 16:16:08 INFO  ElementUtil:186 - element is  found using : By.xpath: //input[@value='Login']
2025-10-13 16:16:10 INFO  ElementUtil:186 - element is  found using : By.cssSelector: div.alert.alert-danger.alert-dismissible
2025-10-13 16:16:10 INFO  LoginPage:97 - invalid creds error messg: Warning: Your account has exceeded allowed number of login attempts. Please try again in 1 hour.
2025-10-13 16:16:11 INFO  LoginPage:90 - Invalid application credentials: march2024@open.com : test@123
2025-10-13 16:16:11 INFO  ElementUtil:340 - waiting for element using By locator: By.id: input-emailwithin time out: 10
2025-10-13 16:16:11 INFO  ElementUtil:50 - entering the value :test@123 into locator: By.id: input-password
2025-10-13 16:16:11 INFO  ElementUtil:186 - element is  found using : By.id: input-password
2025-10-13 16:16:12 INFO  ElementUtil:70 - clicking  on element using :By.xpath: //input[@value='Login']
2025-10-13 16:16:12 INFO  ElementUtil:186 - element is  found using : By.xpath: //input[@value='Login']
2025-10-13 16:16:13 INFO  ElementUtil:186 - element is  found using : By.cssSelector: div.alert.alert-danger.alert-dismissible
2025-10-13 16:16:14 INFO  LoginPage:97 - invalid creds error messg: Warning: No match for E-Mail Address and/or Password.
2025-10-13 16:16:14 INFO  LoginPage:90 - Invalid application credentials: march2024@@open.com : test@@123
2025-10-13 16:16:14 INFO  ElementUtil:340 - waiting for element using By locator: By.id: input-emailwithin time out: 10
2025-10-13 16:16:15 INFO  ElementUtil:50 - entering the value :test@@123 into locator: By.id: input-password
2025-10-13 16:16:15 INFO  ElementUtil:186 - element is  found using : By.id: input-password
2025-10-13 16:16:16 INFO  ElementUtil:70 - clicking  on element using :By.xpath: //input[@value='Login']
2025-10-13 16:16:16 INFO  ElementUtil:186 - element is  found using : By.xpath: //input[@value='Login']
2025-10-13 16:16:17 INFO  ElementUtil:186 - element is  found using : By.cssSelector: div.alert.alert-danger.alert-dismissible
2025-10-13 16:16:18 INFO  LoginPage:97 - invalid creds error messg: Warning: Your account has exceeded allowed number of login attempts. Please try again in 1 hour.
2025-10-13 16:16:18 INFO  LoginPage:90 - Invalid application credentials:  : test@123
2025-10-13 16:16:18 INFO  ElementUtil:340 - waiting for element using By locator: By.id: input-emailwithin time out: 10
2025-10-13 16:16:18 INFO  ElementUtil:50 - entering the value :test@123 into locator: By.id: input-password
2025-10-13 16:16:18 INFO  ElementUtil:186 - element is  found using : By.id: input-password
2025-10-13 16:16:19 INFO  ElementUtil:70 - clicking  on element using :By.xpath: //input[@value='Login']
2025-10-13 16:16:19 INFO  ElementUtil:186 - element is  found using : By.xpath: //input[@value='Login']
2025-10-13 16:16:20 INFO  ElementUtil:186 - element is  found using : By.cssSelector: div.alert.alert-danger.alert-dismissible
2025-10-13 16:16:21 INFO  LoginPage:97 - invalid creds error messg: Warning: Your account has exceeded allowed number of login attempts. Please try again in 1 hour.
2025-10-13 16:16:21 INFO  LoginPage:90 - Invalid application credentials:  : 
2025-10-13 16:16:21 INFO  ElementUtil:340 - waiting for element using By locator: By.id: input-emailwithin time out: 10
2025-10-13 16:16:22 INFO  ElementUtil:50 - entering the value : into locator: By.id: input-password
2025-10-13 16:16:22 INFO  ElementUtil:186 - element is  found using : By.id: input-password
2025-10-13 16:16:23 INFO  ElementUtil:70 - clicking  on element using :By.xpath: //input[@value='Login']
2025-10-13 16:16:23 INFO  ElementUtil:186 - element is  found using : By.xpath: //input[@value='Login']
2025-10-13 16:16:24 INFO  ElementUtil:186 - element is  found using : By.cssSelector: div.alert.alert-danger.alert-dismissible
2025-10-13 16:16:24 INFO  LoginPage:97 - invalid creds error messg: Warning: Your account has exceeded allowed number of login attempts. Please try again in 1 hour.
2025-10-13 20:34:41 INFO  DriverFactory:42 - browser name : chrome
2025-10-13 20:34:47 INFO  LoginPage:79 - application credentials: march2024@open.com : Selenium@12345
2025-10-13 20:34:47 INFO  ElementUtil:340 - waiting for element using By locator: By.id: input-emailwithin time out: 10
2025-10-13 20:34:48 INFO  ElementUtil:50 - entering the value :Selenium@12345 into locator: By.id: input-password
2025-10-13 20:34:48 INFO  ElementUtil:186 - element is  found using : By.id: input-password
2025-10-13 20:34:49 INFO  ElementUtil:70 - clicking  on element using :By.xpath: //input[@value='Login']
2025-10-13 20:34:49 INFO  ElementUtil:186 - element is  found using : By.xpath: //input[@value='Login']
2025-10-13 21:22:23 INFO  DriverFactory:96 - Env name =======>dev
2025-10-13 21:22:23 INFO  DriverFactory:42 - browser name : chrome
2025-10-13 21:22:28 INFO  ElementUtil:186 - element is  found using : By.linkText: Forgotten Password
2025-10-13 21:22:28 INFO  ElementUtil:186 - element is  found using : By.tagName: h2
2025-10-13 21:22:29 INFO  LoginPage:46 - login page title :Account Login
2025-10-13 21:22:29 INFO  LoginPage:58 - login page url : https://naveenautomationlabs.com/opencart/index.php?route=account/login
2025-10-13 21:22:29 INFO  LoginPage:79 - application credentials: sujit.patra786@gmail.com : Sujit@123
2025-10-13 21:22:29 INFO  ElementUtil:340 - waiting for element using By locator: By.id: input-emailwithin time out: 10
2025-10-13 21:22:29 INFO  ElementUtil:50 - entering the value :Sujit@123 into locator: By.id: input-password
2025-10-13 21:22:29 INFO  ElementUtil:186 - element is  found using : By.id: input-password
2025-10-13 21:22:30 INFO  ElementUtil:70 - clicking  on element using :By.xpath: //input[@value='Login']
2025-10-13 21:22:30 INFO  ElementUtil:186 - element is  found using : By.xpath: //input[@value='Login']
2025-10-13 21:22:31 INFO  ElementUtil:340 - waiting for element using By locator: By.linkText: Logoutwithin time out: 10
2025-10-13 21:22:41 INFO  LoginPage:79 - application credentials: sujit.patra786@gmail.com : Sujit@123
2025-10-13 21:22:41 INFO  ElementUtil:340 - waiting for element using By locator: By.id: input-emailwithin time out: 10
2025-10-13 21:22:42 INFO  ElementUtil:50 - entering the value :Sujit@123 into locator: By.id: input-password
2025-10-13 21:22:42 INFO  ElementUtil:186 - element is  found using : By.id: input-password
2025-10-13 21:22:42 INFO  ElementUtil:70 - clicking  on element using :By.xpath: //input[@value='Login']
2025-10-13 21:22:42 INFO  ElementUtil:186 - element is  found using : By.xpath: //input[@value='Login']
2025-10-13 21:22:43 INFO  ElementUtil:340 - waiting for element using By locator: By.linkText: Logoutwithin time out: 10
2025-10-13 21:22:53 INFO  LoginPage:79 - application credentials: sujit.patra786@gmail.com : Sujit@123
2025-10-13 21:22:53 INFO  ElementUtil:340 - waiting for element using By locator: By.id: input-emailwithin time out: 10
2025-10-13 21:22:54 INFO  ElementUtil:50 - entering the value :Sujit@123 into locator: By.id: input-password
2025-10-13 21:22:54 INFO  ElementUtil:186 - element is  found using : By.id: input-password
2025-10-13 21:22:54 INFO  ElementUtil:70 - clicking  on element using :By.xpath: //input[@value='Login']
2025-10-13 21:22:54 INFO  ElementUtil:186 - element is  found using : By.xpath: //input[@value='Login']
2025-10-13 21:22:55 INFO  ElementUtil:340 - waiting for element using By locator: By.linkText: Logoutwithin time out: 10
2025-10-13 21:23:06 INFO  LoginPage:79 - application credentials: sujit.patra786@gmail.com : Sujit@123
2025-10-13 21:23:06 INFO  ElementUtil:340 - waiting for element using By locator: By.id: input-emailwithin time out: 10
2025-10-13 21:23:06 INFO  ElementUtil:50 - entering the value :Sujit@123 into locator: By.id: input-password
2025-10-13 21:23:06 INFO  ElementUtil:186 - element is  found using : By.id: input-password
2025-10-13 21:23:07 INFO  ElementUtil:70 - clicking  on element using :By.xpath: //input[@value='Login']
2025-10-13 21:23:07 INFO  ElementUtil:186 - element is  found using : By.xpath: //input[@value='Login']
2025-10-13 21:23:08 INFO  ElementUtil:340 - waiting for element using By locator: By.linkText: Logoutwithin time out: 10
2025-10-13 21:25:19 INFO  DriverFactory:96 - Env name =======>dev
2025-10-13 21:25:19 INFO  DriverFactory:42 - browser name : chrome
2025-10-13 21:25:24 INFO  ElementUtil:186 - element is  found using : By.linkText: Forgotten Password
2025-10-13 21:25:24 INFO  ElementUtil:186 - element is  found using : By.tagName: h2
2025-10-13 21:25:25 INFO  LoginPage:46 - login page title :Account Login
2025-10-13 21:25:25 INFO  LoginPage:58 - login page url : https://naveenautomationlabs.com/opencart/index.php?route=account/login
2025-10-13 21:25:25 INFO  LoginPage:79 - application credentials: sujit.patra786@gmail.com : Sujit@123
2025-10-13 21:25:25 INFO  ElementUtil:340 - waiting for element using By locator: By.id: input-emailwithin time out: 10
2025-10-13 21:25:25 INFO  ElementUtil:50 - entering the value :Sujit@123 into locator: By.id: input-password
2025-10-13 21:25:26 INFO  ElementUtil:186 - element is  found using : By.id: input-password
2025-10-13 21:25:26 INFO  ElementUtil:70 - clicking  on element using :By.xpath: //input[@value='Login']
2025-10-13 21:25:26 INFO  ElementUtil:186 - element is  found using : By.xpath: //input[@value='Login']
2025-10-13 21:25:27 INFO  ElementUtil:340 - waiting for element using By locator: By.linkText: Logoutwithin time out: 10
2025-10-13 21:25:37 INFO  LoginPage:79 - application credentials: sujit.patra786@gmail.com : Sujit@123
2025-10-13 21:25:37 INFO  ElementUtil:340 - waiting for element using By locator: By.id: input-emailwithin time out: 10
2025-10-13 21:25:38 INFO  ElementUtil:50 - entering the value :Sujit@123 into locator: By.id: input-password
2025-10-13 21:25:38 INFO  ElementUtil:186 - element is  found using : By.id: input-password
2025-10-13 21:25:38 INFO  ElementUtil:70 - clicking  on element using :By.xpath: //input[@value='Login']
2025-10-13 21:25:38 INFO  ElementUtil:186 - element is  found using : By.xpath: //input[@value='Login']
2025-10-13 21:25:39 INFO  ElementUtil:340 - waiting for element using By locator: By.linkText: Logoutwithin time out: 10
2025-10-13 21:25:50 INFO  LoginPage:79 - application credentials: sujit.patra786@gmail.com : Sujit@123
2025-10-13 21:25:50 INFO  ElementUtil:340 - waiting for element using By locator: By.id: input-emailwithin time out: 10
2025-10-13 21:25:50 INFO  ElementUtil:50 - entering the value :Sujit@123 into locator: By.id: input-password
2025-10-13 21:25:50 INFO  ElementUtil:186 - element is  found using : By.id: input-password
2025-10-13 21:25:51 INFO  ElementUtil:70 - clicking  on element using :By.xpath: //input[@value='Login']
2025-10-13 21:25:51 INFO  ElementUtil:186 - element is  found using : By.xpath: //input[@value='Login']
2025-10-13 21:25:52 INFO  ElementUtil:340 - waiting for element using By locator: By.linkText: Logoutwithin time out: 10
2025-10-13 21:26:02 INFO  LoginPage:79 - application credentials: sujit.patra786@gmail.com : Sujit@123
2025-10-13 21:26:02 INFO  ElementUtil:340 - waiting for element using By locator: By.id: input-emailwithin time out: 10
2025-10-13 21:26:03 INFO  ElementUtil:50 - entering the value :Sujit@123 into locator: By.id: input-password
2025-10-13 21:26:03 INFO  ElementUtil:186 - element is  found using : By.id: input-password
2025-10-13 21:26:03 INFO  ElementUtil:70 - clicking  on element using :By.xpath: //input[@value='Login']
2025-10-13 21:26:03 INFO  ElementUtil:186 - element is  found using : By.xpath: //input[@value='Login']
2025-10-13 21:26:04 INFO  ElementUtil:340 - waiting for element using By locator: By.linkText: Logoutwithin time out: 10
2025-10-13 21:36:15 INFO  DriverFactory:96 - Env name =======>qa
2025-10-13 21:36:15 INFO  DriverFactory:42 - browser name : chrome
2025-10-13 21:36:20 INFO  ElementUtil:186 - element is  found using : By.linkText: Forgotten Password
2025-10-13 21:36:20 INFO  ElementUtil:186 - element is  found using : By.tagName: h2
2025-10-13 21:36:21 INFO  LoginPage:46 - login page title :Account Login
2025-10-13 21:36:21 INFO  LoginPage:58 - login page url : https://naveenautomationlabs.com/opencart/index.php?route=account/login
2025-10-13 21:36:21 INFO  LoginPage:79 - application credentials: senthil@karasai.com : Test1234
2025-10-13 21:36:21 INFO  ElementUtil:340 - waiting for element using By locator: By.id: input-emailwithin time out: 10
2025-10-13 21:36:21 INFO  ElementUtil:50 - entering the value :Test1234 into locator: By.id: input-password
2025-10-13 21:36:21 INFO  ElementUtil:186 - element is  found using : By.id: input-password
2025-10-13 21:36:22 INFO  ElementUtil:70 - clicking  on element using :By.xpath: //input[@value='Login']
2025-10-13 21:36:22 INFO  ElementUtil:186 - element is  found using : By.xpath: //input[@value='Login']
2025-10-13 21:36:23 INFO  ElementUtil:340 - waiting for element using By locator: By.linkText: Logoutwithin time out: 10
2025-10-13 21:41:02 INFO  DriverFactory:96 - Env name =======>dev
2025-10-13 21:41:02 INFO  DriverFactory:42 - browser name : chrome
2025-10-13 21:41:06 INFO  ElementUtil:186 - element is  found using : By.linkText: Forgotten Password
2025-10-13 21:41:07 INFO  ElementUtil:186 - element is  found using : By.tagName: h2
2025-10-13 21:41:07 INFO  LoginPage:46 - login page title :Account Login
2025-10-13 21:41:07 INFO  LoginPage:58 - login page url : https://naveenautomationlabs.com/opencart/index.php?route=account/login
2025-10-13 21:41:07 INFO  LoginPage:79 - application credentials: sujit.patra786@gmail.com : Sujit@123
2025-10-13 21:41:07 INFO  ElementUtil:340 - waiting for element using By locator: By.id: input-emailwithin time out: 10
2025-10-13 21:41:08 INFO  ElementUtil:50 - entering the value :Sujit@123 into locator: By.id: input-password
2025-10-13 21:41:08 INFO  ElementUtil:186 - element is  found using : By.id: input-password
2025-10-13 21:41:08 INFO  ElementUtil:70 - clicking  on element using :By.xpath: //input[@value='Login']
2025-10-13 21:41:08 INFO  ElementUtil:186 - element is  found using : By.xpath: //input[@value='Login']
2025-10-13 21:41:09 INFO  ElementUtil:340 - waiting for element using By locator: By.linkText: Logoutwithin time out: 10
2025-10-13 21:41:19 INFO  LoginPage:79 - application credentials: sujit.patra786@gmail.com : Sujit@123
2025-10-13 21:41:19 INFO  ElementUtil:340 - waiting for element using By locator: By.id: input-emailwithin time out: 10
2025-10-13 21:41:20 INFO  ElementUtil:50 - entering the value :Sujit@123 into locator: By.id: input-password
2025-10-13 21:41:20 INFO  ElementUtil:186 - element is  found using : By.id: input-password
2025-10-13 21:41:20 INFO  ElementUtil:70 - clicking  on element using :By.xpath: //input[@value='Login']
2025-10-13 21:41:20 INFO  ElementUtil:186 - element is  found using : By.xpath: //input[@value='Login']
2025-10-13 21:41:21 INFO  ElementUtil:340 - waiting for element using By locator: By.linkText: Logoutwithin time out: 10
2025-10-13 21:41:31 INFO  LoginPage:79 - application credentials: sujit.patra786@gmail.com : Sujit@123
2025-10-13 21:41:31 INFO  ElementUtil:340 - waiting for element using By locator: By.id: input-emailwithin time out: 10
2025-10-13 21:41:32 INFO  ElementUtil:50 - entering the value :Sujit@123 into locator: By.id: input-password
2025-10-13 21:41:32 INFO  ElementUtil:186 - element is  found using : By.id: input-password
2025-10-13 21:41:32 INFO  ElementUtil:70 - clicking  on element using :By.xpath: //input[@value='Login']
2025-10-13 21:41:32 INFO  ElementUtil:186 - element is  found using : By.xpath: //input[@value='Login']
2025-10-13 21:41:33 INFO  ElementUtil:340 - waiting for element using By locator: By.linkText: Logoutwithin time out: 10
2025-10-13 21:41:44 INFO  LoginPage:79 - application credentials: sujit.patra786@gmail.com : Sujit@123
2025-10-13 21:41:44 INFO  ElementUtil:340 - waiting for element using By locator: By.id: input-emailwithin time out: 10
2025-10-13 21:41:44 INFO  ElementUtil:50 - entering the value :Sujit@123 into locator: By.id: input-password
2025-10-13 21:41:44 INFO  ElementUtil:186 - element is  found using : By.id: input-password
2025-10-13 21:41:45 INFO  ElementUtil:70 - clicking  on element using :By.xpath: //input[@value='Login']
2025-10-13 21:41:45 INFO  ElementUtil:186 - element is  found using : By.xpath: //input[@value='Login']
2025-10-13 21:41:46 INFO  ElementUtil:340 - waiting for element using By locator: By.linkText: Logoutwithin time out: 10
2025-10-13 21:45:33 INFO  DriverFactory:96 - Env name =======>dev
2025-10-13 21:45:33 INFO  DriverFactory:42 - browser name : chrome
2025-10-13 21:45:36 INFO  ElementUtil:186 - element is  found using : By.linkText: Forgotten Password
2025-10-13 21:45:37 INFO  ElementUtil:186 - element is  found using : By.tagName: h2
2025-10-13 21:45:37 INFO  LoginPage:46 - login page title :Account Login
2025-10-13 21:45:37 INFO  LoginPage:58 - login page url : https://naveenautomationlabs.com/opencart/index.php?route=account/login
2025-10-13 21:45:37 INFO  LoginPage:79 - application credentials: sujit.patra786@gmail.com : Sujit@123
2025-10-13 21:45:37 INFO  ElementUtil:340 - waiting for element using By locator: By.id: input-emailwithin time out: 10
2025-10-13 21:45:38 INFO  ElementUtil:50 - entering the value :Sujit@123 into locator: By.id: input-password
2025-10-13 21:45:38 INFO  ElementUtil:186 - element is  found using : By.id: input-password
2025-10-13 21:45:39 INFO  ElementUtil:70 - clicking  on element using :By.xpath: //input[@value='Login']
2025-10-13 21:45:39 INFO  ElementUtil:186 - element is  found using : By.xpath: //input[@value='Login']
2025-10-13 21:45:39 INFO  ElementUtil:340 - waiting for element using By locator: By.linkText: Logoutwithin time out: 10
2025-10-13 21:45:49 INFO  LoginPage:79 - application credentials: sujit.patra786@gmail.com : Sujit@123
2025-10-13 21:45:50 INFO  ElementUtil:340 - waiting for element using By locator: By.id: input-emailwithin time out: 10
2025-10-13 21:45:50 INFO  ElementUtil:50 - entering the value :Sujit@123 into locator: By.id: input-password
2025-10-13 21:45:50 INFO  ElementUtil:186 - element is  found using : By.id: input-password
2025-10-13 21:45:51 INFO  ElementUtil:70 - clicking  on element using :By.xpath: //input[@value='Login']
2025-10-13 21:45:51 INFO  ElementUtil:186 - element is  found using : By.xpath: //input[@value='Login']
2025-10-13 21:45:51 INFO  ElementUtil:340 - waiting for element using By locator: By.linkText: Logoutwithin time out: 10
2025-10-13 21:46:02 INFO  LoginPage:79 - application credentials: sujit.patra786@gmail.com : Sujit@123
2025-10-13 21:46:02 INFO  ElementUtil:340 - waiting for element using By locator: By.id: input-emailwithin time out: 10
2025-10-13 21:46:02 INFO  ElementUtil:50 - entering the value :Sujit@123 into locator: By.id: input-password
2025-10-13 21:46:02 INFO  ElementUtil:186 - element is  found using : By.id: input-password
2025-10-13 21:46:03 INFO  ElementUtil:70 - clicking  on element using :By.xpath: //input[@value='Login']
2025-10-13 21:46:03 INFO  ElementUtil:186 - element is  found using : By.xpath: //input[@value='Login']
2025-10-13 21:46:05 INFO  ElementUtil:340 - waiting for element using By locator: By.linkText: Logoutwithin time out: 10
2025-10-13 21:46:15 INFO  LoginPage:79 - application credentials: sujit.patra786@gmail.com : Sujit@123
2025-10-13 21:46:15 INFO  ElementUtil:340 - waiting for element using By locator: By.id: input-emailwithin time out: 10
2025-10-13 21:46:15 INFO  ElementUtil:50 - entering the value :Sujit@123 into locator: By.id: input-password
2025-10-13 21:46:15 INFO  ElementUtil:186 - element is  found using : By.id: input-password
2025-10-13 21:46:16 INFO  ElementUtil:70 - clicking  on element using :By.xpath: //input[@value='Login']
2025-10-13 21:46:16 INFO  ElementUtil:186 - element is  found using : By.xpath: //input[@value='Login']
2025-10-13 21:46:17 INFO  ElementUtil:340 - waiting for element using By locator: By.linkText: Logoutwithin time out: 10
2025-10-13 21:52:46 INFO  DriverFactory:96 - Env name =======>dev
2025-10-13 21:52:46 INFO  DriverFactory:42 - browser name : chrome
2025-10-13 21:52:51 INFO  ElementUtil:186 - element is  found using : By.linkText: Forgotten Password
2025-10-13 21:52:52 INFO  ElementUtil:186 - element is  found using : By.tagName: h2
2025-10-13 21:52:52 INFO  LoginPage:46 - login page title :Account Login
2025-10-13 21:52:52 INFO  LoginPage:58 - login page url : https://naveenautomationlabs.com/opencart/index.php?route=account/login
2025-10-13 21:52:52 INFO  LoginPage:79 - application credentials: sujit.patra786@gmail.com : Sujit@123
2025-10-13 21:52:52 INFO  ElementUtil:340 - waiting for element using By locator: By.id: input-emailwithin time out: 10
2025-10-13 21:52:53 INFO  ElementUtil:50 - entering the value :Sujit@123 into locator: By.id: input-password
2025-10-13 21:52:53 INFO  ElementUtil:186 - element is  found using : By.id: input-password
2025-10-13 21:52:54 INFO  ElementUtil:70 - clicking  on element using :By.xpath: //input[@value='Login']
2025-10-13 21:52:54 INFO  ElementUtil:186 - element is  found using : By.xpath: //input[@value='Login']
2025-10-13 21:52:54 INFO  ElementUtil:340 - waiting for element using By locator: By.linkText: Logoutwithin time out: 10
2025-10-13 21:53:05 INFO  LoginPage:79 - application credentials: sujit.patra786@gmail.com : Sujit@123
2025-10-13 21:53:05 INFO  ElementUtil:340 - waiting for element using By locator: By.id: input-emailwithin time out: 10
2025-10-13 21:53:05 INFO  ElementUtil:50 - entering the value :Sujit@123 into locator: By.id: input-password
2025-10-13 21:53:05 INFO  ElementUtil:186 - element is  found using : By.id: input-password
2025-10-13 21:53:06 INFO  ElementUtil:70 - clicking  on element using :By.xpath: //input[@value='Login']
2025-10-13 21:53:06 INFO  ElementUtil:186 - element is  found using : By.xpath: //input[@value='Login']
2025-10-13 21:53:07 INFO  ElementUtil:340 - waiting for element using By locator: By.linkText: Logoutwithin time out: 10
2025-10-13 21:53:17 INFO  LoginPage:79 - application credentials: sujit.patra786@gmail.com : Sujit@123
2025-10-13 21:53:17 INFO  ElementUtil:340 - waiting for element using By locator: By.id: input-emailwithin time out: 10
2025-10-13 21:53:18 INFO  ElementUtil:50 - entering the value :Sujit@123 into locator: By.id: input-password
2025-10-13 21:53:18 INFO  ElementUtil:186 - element is  found using : By.id: input-password
2025-10-13 21:53:18 INFO  ElementUtil:70 - clicking  on element using :By.xpath: //input[@value='Login']
2025-10-13 21:53:18 INFO  ElementUtil:186 - element is  found using : By.xpath: //input[@value='Login']
2025-10-13 21:53:19 INFO  ElementUtil:340 - waiting for element using By locator: By.linkText: Logoutwithin time out: 10
2025-10-13 21:53:30 INFO  LoginPage:79 - application credentials: sujit.patra786@gmail.com : Sujit@123
2025-10-13 21:53:30 INFO  ElementUtil:340 - waiting for element using By locator: By.id: input-emailwithin time out: 10
2025-10-13 21:53:30 INFO  ElementUtil:50 - entering the value :Sujit@123 into locator: By.id: input-password
2025-10-13 21:53:30 INFO  ElementUtil:186 - element is  found using : By.id: input-password
2025-10-13 21:53:31 INFO  ElementUtil:70 - clicking  on element using :By.xpath: //input[@value='Login']
2025-10-13 21:53:31 INFO  ElementUtil:186 - element is  found using : By.xpath: //input[@value='Login']
2025-10-13 21:53:32 INFO  ElementUtil:340 - waiting for element using By locator: By.linkText: Logoutwithin time out: 10
